# JRE version: Java(TM) SE Runtime Environment (8.0_101-b13) (build 1.8.0_101-b13)
# Java VM: Java HotSpot(TM) 64-Bit Server VM (25.101-b13 mixed mode windows-amd64 compressed oops)
Heap:
 PSYoungGen      total 319488K, used 249384K [0x0000000780700000, 0x0000000797700000, 0x00000007c0000000)
  eden space 295424K, 77% used [0x0000000780700000,0x000000078e7b28f8,0x0000000792780000)
  from space 24064K, 80% used [0x0000000794000000,0x00000007952d7848,0x0000000795780000)
  to   space 25088K, 0% used [0x0000000792780000,0x0000000792780000,0x0000000794000000)
 ParOldGen       total 124416K, used 40689K [0x0000000701400000, 0x0000000708d80000, 0x0000000780700000)
  object space 124416K, 32% used [0x0000000701400000,0x0000000703bbc678,0x0000000708d80000)
 Metaspace       used 57070K, capacity 59046K, committed 59096K, reserved 1101824K
  class space    used 7250K, capacity 7661K, committed 7680K, reserved 1048576K
GC Heap History (10 events):
Event: 6.522 GC heap before
{Heap before GC invocations=6 (full 1):
 PSYoungGen      total 106496K, used 8184K [0x0000000780700000, 0x000000078e800000, 0x00000007c0000000)
  eden space 98304K, 0% used [0x0000000780700000,0x0000000780700000,0x0000000786700000)
  from space 8192K, 99% used [0x0000000786700000,0x0000000786efe070,0x0000000786f00000)
  to   space 16896K, 0% used [0x000000078d780000,0x000000078d780000,0x000000078e800000)
 ParOldGen       total 131072K, used 15864K [0x0000000701400000, 0x0000000709400000, 0x0000000780700000)
  object space 131072K, 12% used [0x0000000701400000,0x000000070237e240,0x0000000709400000)
 Metaspace       used 20674K, capacity 21066K, committed 21296K, reserved 1069056K
  class space    used 2481K, capacity 2585K, committed 2688K, reserved 1048576K
Event: 6.690 GC heap after
Heap after GC invocations=6 (full 1):
 PSYoungGen      total 106496K, used 0K [0x0000000780700000, 0x000000078e800000, 0x00000007c0000000)
  eden space 98304K, 0% used [0x0000000780700000,0x0000000780700000,0x0000000786700000)
  from space 8192K, 0% used [0x0000000786700000,0x0000000786700000,0x0000000786f00000)
  to   space 16896K, 0% used [0x000000078d780000,0x000000078d780000,0x000000078e800000)
 ParOldGen       total 87552K, used 20441K [0x0000000701400000, 0x0000000706980000, 0x0000000780700000)
  object space 87552K, 23% used [0x0000000701400000,0x00000007027f6788,0x0000000706980000)
 Metaspace       used 20674K, capacity 21066K, committed 21296K, reserved 1069056K
  class space    used 2481K, capacity 2585K, committed 2688K, reserved 1048576K
}
Event: 10.296 GC heap before
{Heap before GC invocations=7 (full 1):
 PSYoungGen      total 106496K, used 98304K [0x0000000780700000, 0x000000078e800000, 0x00000007c0000000)
  eden space 98304K, 100% used [0x0000000780700000,0x0000000786700000,0x0000000786700000)
  from space 8192K, 0% used [0x0000000786700000,0x0000000786700000,0x0000000786f00000)
  to   space 16896K, 0% used [0x000000078d780000,0x000000078d780000,0x000000078e800000)
 ParOldGen       total 87552K, used 20441K [0x0000000701400000, 0x0000000706980000, 0x0000000780700000)
  object space 87552K, 23% used [0x0000000701400000,0x00000007027f6788,0x0000000706980000)
 Metaspace       used 23975K, capacity 24534K, committed 24832K, reserved 1071104K
  class space    used 2863K, capacity 3016K, committed 3072K, reserved 1048576K
Event: 10.348 GC heap after
Heap after GC invocations=7 (full 1):
 PSYoungGen      total 188928K, used 15719K [0x0000000780700000, 0x000000078e700000, 0x00000007c0000000)
  eden space 173056K, 0% used [0x0000000780700000,0x0000000780700000,0x000000078b000000)
  from space 15872K, 99% used [0x000000078d780000,0x000000078e6d9f08,0x000000078e700000)
  to   space 18432K, 0% used [0x000000078c300000,0x000000078c300000,0x000000078d500000)
 ParOldGen       total 87552K, used 20449K [0x0000000701400000, 0x0000000706980000, 0x0000000780700000)
  object space 87552K, 23% used [0x0000000701400000,0x00000007027f8788,0x0000000706980000)
 Metaspace       used 23975K, capacity 24534K, committed 24832K, reserved 1071104K
  class space    used 2863K, capacity 3016K, committed 3072K, reserved 1048576K
}
Event: 16.821 GC heap before
{Heap before GC invocations=8 (full 1):
 PSYoungGen      total 188928K, used 150410K [0x0000000780700000, 0x000000078e700000, 0x00000007c0000000)
  eden space 173056K, 77% used [0x0000000780700000,0x0000000788a88c28,0x000000078b000000)
  from space 15872K, 99% used [0x000000078d780000,0x000000078e6d9f08,0x000000078e700000)
  to   space 18432K, 0% used [0x000000078c300000,0x000000078c300000,0x000000078d500000)
 ParOldGen       total 87552K, used 20449K [0x0000000701400000, 0x0000000706980000, 0x0000000780700000)
  object space 87552K, 23% used [0x0000000701400000,0x00000007027f8788,0x0000000706980000)
 Metaspace       used 34364K, capacity 35372K, committed 35456K, reserved 1079296K
  class space    used 4376K, capacity 4673K, committed 4736K, reserved 1048576K
Event: 16.886 GC heap after
Heap after GC invocations=8 (full 1):
 PSYoungGen      total 210944K, used 18424K [0x0000000780700000, 0x0000000795780000, 0x00000007c0000000)
  eden space 192512K, 0% used [0x0000000780700000,0x0000000780700000,0x000000078c300000)
  from space 18432K, 99% used [0x000000078c300000,0x000000078d4fe110,0x000000078d500000)
  to   space 24064K, 0% used [0x0000000794000000,0x0000000794000000,0x0000000795780000)
 ParOldGen       total 87552K, used 26814K [0x0000000701400000, 0x0000000706980000, 0x0000000780700000)
  object space 87552K, 30% used [0x0000000701400000,0x0000000702e2f840,0x0000000706980000)
 Metaspace       used 34364K, capacity 35372K, committed 35456K, reserved 1079296K
  class space    used 4376K, capacity 4673K, committed 4736K, reserved 1048576K
}
Event: 16.886 GC heap before
{Heap before GC invocations=9 (full 2):
 PSYoungGen      total 210944K, used 18424K [0x0000000780700000, 0x0000000795780000, 0x00000007c0000000)
  eden space 192512K, 0% used [0x0000000780700000,0x0000000780700000,0x000000078c300000)
  from space 18432K, 99% used [0x000000078c300000,0x000000078d4fe110,0x000000078d500000)
  to   space 24064K, 0% used [0x0000000794000000,0x0000000794000000,0x0000000795780000)
 ParOldGen       total 87552K, used 26814K [0x0000000701400000, 0x0000000706980000, 0x0000000780700000)
  object space 87552K, 30% used [0x0000000701400000,0x0000000702e2f840,0x0000000706980000)
 Metaspace       used 34364K, capacity 35372K, committed 35456K, reserved 1079296K
  class space    used 4376K, capacity 4673K, committed 4736K, reserved 1048576K
Event: 17.058 GC heap after
Heap after GC invocations=9 (full 2):
 PSYoungGen      total 210944K, used 0K [0x0000000780700000, 0x0000000795780000, 0x00000007c0000000)
  eden space 192512K, 0% used [0x0000000780700000,0x0000000780700000,0x000000078c300000)
  from space 18432K, 0% used [0x000000078c300000,0x000000078c300000,0x000000078d500000)
  to   space 24064K, 0% used [0x0000000794000000,0x0000000794000000,0x0000000795780000)
 ParOldGen       total 124416K, used 40681K [0x0000000701400000, 0x0000000708d80000, 0x0000000780700000)
  object space 124416K, 32% used [0x0000000701400000,0x0000000703bba678,0x0000000708d80000)
 Metaspace       used 33322K, capacity 34214K, committed 35456K, reserved 1079296K
  class space    used 4234K, capacity 4499K, committed 4736K, reserved 1048576K
}
Event: 22.220 GC heap before
{Heap before GC invocations=10 (full 2):
 PSYoungGen      total 210944K, used 192512K [0x0000000780700000, 0x0000000795780000, 0x00000007c0000000)
  eden space 192512K, 100% used [0x0000000780700000,0x000000078c300000,0x000000078c300000)
  from space 18432K, 0% used [0x000000078c300000,0x000000078c300000,0x000000078d500000)
  to   space 24064K, 0% used [0x0000000794000000,0x0000000794000000,0x0000000795780000)
 ParOldGen       total 124416K, used 40681K [0x0000000701400000, 0x0000000708d80000, 0x0000000780700000)
  object space 124416K, 32% used [0x0000000701400000,0x0000000703bba678,0x0000000708d80000)
 Metaspace       used 47648K, capacity 49352K, committed 49536K, reserved 1091584K
  class space    used 6071K, capacity 6458K, committed 6528K, reserved 1048576K
Event: 22.251 GC heap after
Heap after GC invocations=10 (full 2):
 PSYoungGen      total 319488K, used 19294K [0x0000000780700000, 0x0000000797700000, 0x00000007c0000000)
  eden space 295424K, 0% used [0x0000000780700000,0x0000000780700000,0x0000000792780000)
  from space 24064K, 80% used [0x0000000794000000,0x00000007952d7848,0x0000000795780000)
  to   space 25088K, 0% used [0x0000000792780000,0x0000000792780000,0x0000000794000000)
 ParOldGen       total 124416K, used 40689K [0x0000000701400000, 0x0000000708d80000, 0x0000000780700000)
  object space 124416K, 32% used [0x0000000701400000,0x0000000703bbc678,0x0000000708d80000)
 Metaspace       used 47648K, capacity 49352K, committed 49536K, reserved 1091584K
  class space    used 6071K, capacity 6458K, committed 6528K, reserved 1048576K
}

